<?xml version="1.0" encoding="UTF-8"?>
<testng-results ignored="0" total="1" passed="1" failed="0" skipped="0">
  <reporter-output>
  </reporter-output>
  <suite started-at="2026-06-15T17:31:19 IST" name="Surefire suite" finished-at="2026-06-15T17:31:23 IST" duration-ms="4183">
    <groups>
    </groups>
    <test started-at="2026-06-15T17:31:19 IST" name="Surefire test" finished-at="2026-06-15T17:31:23 IST" duration-ms="4183">
      <class name="galaxyautomation.GalaxyTest">
        <test-method is-config="true" signature="setupReport()[pri:0, instance:galaxyautomation.GalaxyTest@6b419da]" started-at="2026-06-15T17:31:19 IST" name="setupReport" finished-at="2026-06-15T17:31:19 IST" duration-ms="66" status="PASS">
          <reporter-output>
          </reporter-output>
        </test-method> <!-- setupReport -->
        <test-method is-config="true" signature="setup()[pri:0, instance:galaxyautomation.GalaxyTest@6b419da]" started-at="2026-06-15T17:31:19 IST" name="setup" finished-at="2026-06-15T17:31:21 IST" duration-ms="1547" status="PASS">
          <reporter-output>
          </reporter-output>
        </test-method> <!-- setup -->
        <test-method signature="openWebsiteTest()[pri:0, instance:galaxyautomation.GalaxyTest@6b419da]" started-at="2026-06-15T17:31:21 IST" name="openWebsiteTest" finished-at="2026-06-15T17:31:23 IST" duration-ms="2630" status="PASS">
          <reporter-output>
          </reporter-output>
        </test-method> <!-- openWebsiteTest -->
        <test-method is-config="true" signature="tearDown()[pri:0, instance:galaxyautomation.GalaxyTest@6b419da]" started-at="2026-06-15T17:31:23 IST" name="tearDown" finished-at="2026-06-15T17:31:23 IST" duration-ms="0" status="PASS">
          <reporter-output>
          </reporter-output>
        </test-method> <!-- tearDown -->
        <test-method is-config="true" signature="tearDownReport()[pri:0, instance:galaxyautomation.GalaxyTest@6b419da]" started-at="2026-06-15T17:31:24 IST" name="tearDownReport" finished-at="2026-06-15T17:31:24 IST" duration-ms="71" status="PASS">
          <reporter-output>
          </reporter-output>
        </test-method> <!-- tearDownReport -->
      </class> <!-- galaxyautomation.GalaxyTest -->
    </test> <!-- Surefire test -->
  </suite> <!-- Surefire suite -->
</testng-results>
